<?xml version="1.0" encoding="UTF-8"?>
<!-- Generated by org.testng.reporters.JUnitReportReporter -->
<testsuite skipped="0" hostname="DESKTOP-2G8R26A" name="com.testNGpack.GoogleUsingTestng" tests="3" failures="0" timestamp="2020-01-10T10:20:28 IST" time="26.556" errors="0">
  <testcase name="URLTest" time="7.009" classname="com.testNGpack.GoogleUsingTestng"/>
  <testcase name="Titletest" time="8.495" classname="com.testNGpack.GoogleUsingTestng"/>
  <testcase name="maillinktest" time="11.052" classname="com.testNGpack.GoogleUsingTestng"/>
</testsuite> <!-- com.testNGpack.GoogleUsingTestng -->
