<?xml version="1.0" encoding="UTF-8"?>
<!-- Generated by org.testng.reporters.JUnitReportReporter -->
<testsuite skipped="0" hostname="DESKTOP-2G8R26A" name="com.testNGpack.DemoTestNG" tests="3" failures="0" timestamp="2020-01-11T19:53:24 IST" time="0.043" errors="0">
  <testcase name="bscript" time="0.023" classname="com.testNGpack.DemoTestNG"/>
  <testcase name="ascript" time="0.004" classname="com.testNGpack.DemoTestNG"/>
  <testcase name="cscript" time="0.016" classname="com.testNGpack.DemoTestNG"/>
</testsuite> <!-- com.testNGpack.DemoTestNG -->
