<?xml version="1.0" encoding="UTF-8"?>
<!-- Generated by org.testng.reporters.JUnitReportReporter -->
<testsuite skipped="0" hostname="DESKTOP-2G8R26A" name="com.testNGpack.GroupTestscript" tests="7" failures="0" timestamp="2020-01-14T09:20:53 IST" time="0.293" errors="0">
  <testcase name="Duke" time="0.008" classname="com.testNGpack.GroupTestscript"/>
  <testcase name="Truck" time="0.064" classname="com.testNGpack.GroupTestscript"/>
  <testcase name="MercedezBenz" time="0.168" classname="com.testNGpack.GroupTestscript"/>
  <testcase name="RoyalEnfield" time="0.008" classname="com.testNGpack.GroupTestscript"/>
  <testcase name="crain" time="0.012" classname="com.testNGpack.GroupTestscript"/>
  <testcase name="BMW" time="0.028" classname="com.testNGpack.GroupTestscript"/>
  <testcase name="ODI" time="0.005" classname="com.testNGpack.GroupTestscript"/>
</testsuite> <!-- com.testNGpack.GroupTestscript -->
