<?xml version="1.0" encoding="UTF-8"?>
<!-- Generated by org.testng.reporters.JUnitReportReporter -->
<testsuite skipped="0" hostname="DESKTOP-2G8R26A" name="com.testNGpack.Demo3" tests="3" failures="0" timestamp="2020-01-24T23:10:06 IST" time="0.048" errors="0">
  <testcase name="ascript" time="0.023" classname="com.testNGpack.Demo3"/>
  <testcase name="cscript" time="0.015" classname="com.testNGpack.Demo3"/>
  <testcase name="bscript" time="0.010" classname="com.testNGpack.Demo3"/>
</testsuite> <!-- com.testNGpack.Demo3 -->
