<?xml version="1.0" encoding="UTF-8"?>
<!-- Generated by org.testng.reporters.JUnitReportReporter -->
<testsuite skipped="0" hostname="DESKTOP-2G8R26A" name="com.testNGpack.Demo1" tests="2" failures="0" timestamp="2020-02-18T11:16:30 IST" time="0.033" errors="0">
  <testcase name="firstscript" time="0.030" classname="com.testNGpack.Demo1"/>
  <testcase name="secondscript" time="0.003" classname="com.testNGpack.Demo1"/>
</testsuite> <!-- com.testNGpack.Demo1 -->
